Current App/MODSExplorer/app/build/outputs/logs/manifest-merger-debug-report.txt
-- Merging decision tree log ---
manifest
ADDED from src\main\AndroidManifest.xml:1:1-108:12
	package
		ADDED from src\main\AndroidManifest.xml:3:5-39
		INJECTED from src\main\AndroidManifest.xml
		INJECTED from src\main\AndroidManifest.xml
	android:versionName
		ADDED from src\main\AndroidManifest.xml:5:5-30
		INJECTED from src\main\AndroidManifest.xml
		INJECTED from src\main\AndroidManifest.xml
	android:versionCode
		ADDED from src\main\AndroidManifest.xml:4:5-28
		INJECTED from src\main\AndroidManifest.xml
		INJECTED from src\main\AndroidManifest.xml
	xmlns:android
		ADDED from src\main\AndroidManifest.xml:2:5-63
uses-sdk
ADDED from src\main\AndroidManifest.xml:7:5-9:41
MERGED from [com.android.support:appcompat-v7:19.1.0] AndroidManifest.xml:18:5-42
	android:targetSdkVersion
		ADDED from src\main\AndroidManifest.xml:9:9-38
		INJECTED from src\main\AndroidManifest.xml
		INJECTED from src\main\AndroidManifest.xml
	android:minSdkVersion
		ADDED from src\main\AndroidManifest.xml:8:9-35
		INJECTED from src\main\AndroidManifest.xml
		INJECTED from src\main\AndroidManifest.xml
uses-permission#android.permission.INTERNET
ADDED from src\main\AndroidManifest.xml:11:5-12:54
	android:name
		ADDED from src\main\AndroidManifest.xml:12:9-51
uses-permission#android.permission.ACCESS_NETWORK_STATE
ADDED from src\main\AndroidManifest.xml:13:3-14:64
	android:name
		ADDED from src\main\AndroidManifest.xml:14:7-61
uses-permission#android.permission.NFC
ADDED from src\main\AndroidManifest.xml:15:3-16:47
	android:name
		ADDED from src\main\AndroidManifest.xml:16:7-44
application
ADDED from src\main\AndroidManifest.xml:18:5-106:19
MERGED from [com.android.support:appcompat-v7:19.1.0] AndroidManifest.xml:19:5-20
	android:label
		ADDED from src\main\AndroidManifest.xml:21:9-41
	android:allowBackup
		ADDED from src\main\AndroidManifest.xml:19:9-35
	android:icon
		ADDED from src\main\AndroidManifest.xml:20:9-45
	android:theme
		ADDED from src\main\AndroidManifest.xml:22:9-40
intent-filter#android.nfc.action.TECH_DISCOVERED
ADDED from src\main\AndroidManifest.xml:24:9-26:21
action#android.nfc.action.TECH_DISCOVERED
ADDED from src\main\AndroidManifest.xml:25:7-66
	android:name
		ADDED from src\main\AndroidManifest.xml:25:15-64
intent-filter#android.nfc.action.NDEF_DISCOVERED
ADDED from src\main\AndroidManifest.xml:28:5-30:21
action#android.nfc.action.NDEF_DISCOVERED
ADDED from src\main\AndroidManifest.xml:29:7-66
	android:name
		ADDED from src\main\AndroidManifest.xml:29:15-64
intent-filter#android.intent.category.DEFAULT+android.nfc.action.TAG_DISCOVERED
ADDED from src\main\AndroidManifest.xml:32:3-35:19
action#android.nfc.action.TAG_DISCOVERED
ADDED from src\main\AndroidManifest.xml:33:4-62
	android:name
		ADDED from src\main\AndroidManifest.xml:33:12-60
category#android.intent.category.DEFAULT
ADDED from src\main\AndroidManifest.xml:34:4-62
	android:name
		ADDED from src\main\AndroidManifest.xml:34:14-60
activity#com.example.modsexplorer.WelcomeScreen
ADDED from src\main\AndroidManifest.xml:37:9-42:20
	android:label
		ADDED from src\main\AndroidManifest.xml:39:13-45
	android:name
		ADDED from src\main\AndroidManifest.xml:38:13-42
activity#com.example.modsexplorer.MainMenuScreen
ADDED from src\main\AndroidManifest.xml:44:9-53:20
	android:screenOrientation
		ADDED from src\main\AndroidManifest.xml:47:13-47
	android:label
		ADDED from src\main\AndroidManifest.xml:46:13-46
	android:name
		ADDED from src\main\AndroidManifest.xml:45:13-67
intent-filter#android.intent.action.MAIN+android.intent.category.LAUNCHER
ADDED from src\main\AndroidManifest.xml:48:9-52:25
action#android.intent.action.MAIN
ADDED from src\main\AndroidManifest.xml:49:13-65
	android:name
		ADDED from src\main\AndroidManifest.xml:49:21-62
category#android.intent.category.LAUNCHER
ADDED from src\main\AndroidManifest.xml:51:13-73
	android:name
		ADDED from src\main\AndroidManifest.xml:51:23-70
activity#com.example.modsexplorer.SignUpScreen
ADDED from src\main\AndroidManifest.xml:55:9-63:20
	android:label
		ADDED from src\main\AndroidManifest.xml:57:13-44
	android:parentActivityName
		ADDED from src\main\AndroidManifest.xml:58:13-56
	android:name
		ADDED from src\main\AndroidManifest.xml:56:13-65
meta-data#android.support.PARENT_ACTIVITY
ADDED from src\main\AndroidManifest.xml:60:13-62:71
	android:value
		ADDED from src\main\AndroidManifest.xml:62:14-68
	android:name
		ADDED from src\main\AndroidManifest.xml:61:14-60
activity#com.example.modsexplorer.LogInScreen
ADDED from src\main\AndroidManifest.xml:65:9-72:20
	android:label
		ADDED from src\main\AndroidManifest.xml:67:13-43
	android:parentActivityName
		ADDED from src\main\AndroidManifest.xml:68:13-56
	android:name
		ADDED from src\main\AndroidManifest.xml:66:13-64
activity#com.example.modsexplorer.Schedule
ADDED from src\main\AndroidManifest.xml:74:9-81:20
	android:label
		ADDED from src\main\AndroidManifest.xml:76:13-45
	android:parentActivityName
		ADDED from src\main\AndroidManifest.xml:77:13-81
	android:name
		ADDED from src\main\AndroidManifest.xml:75:13-61
activity#com.example.modsexplorer.MODSExplorerMap
ADDED from src\main\AndroidManifest.xml:83:9-90:20
	android:label
		ADDED from src\main\AndroidManifest.xml:85:13-45
	android:parentActivityName
		ADDED from src\main\AndroidManifest.xml:86:13-81
	android:name
		ADDED from src\main\AndroidManifest.xml:84:13-68
activity#com.example.modsexplorer.NFCMODSREAD
ADDED from src\main\AndroidManifest.xml:92:9-94:43
	android:label
		ADDED from src\main\AndroidManifest.xml:94:13-40
	android:name
		ADDED from src\main\AndroidManifest.xml:93:13-64
activity#com.example.modsexplorer.MODSExplorerStickers
ADDED from src\main\AndroidManifest.xml:96:9-98:48
	android:label
		ADDED from src\main\AndroidManifest.xml:98:13-45
	android:name
		ADDED from src\main\AndroidManifest.xml:97:13-73
receiver#com.example.modsexplorer.MyBroadcastReceiver
ADDED from src\main\AndroidManifest.xml:100:9-104:20
	android:name
		ADDED from src\main\AndroidManifest.xml:100:19-53
intent-filter#app.mods.org.mainpage
ADDED from src\main\AndroidManifest.xml:101:13-103:29
action#app.mods.org.mainpage
ADDED from src\main\AndroidManifest.xml:102:17-64
	android:name
		ADDED from src\main\AndroidManifest.xml:102:25-61